This is pdfTeX, Version 3.141592653-2.6-1.40.24 (TeX Live 2022/Arch Linux) (preloaded format=pdflatex 2022.11.15)  15 FEB 2023 12:25
entering extended mode
 restricted \write18 enabled.
 %&-line parsing enabled.
**4-2-FE.tex -synctex=1
(./4-2-FE.tex
LaTeX2e <2021-11-15> patch level 1
L3 programming layer <2022-04-10>

! LaTeX Error: Missing \begin{document}.

See the LaTeX manual or LaTeX Companion for explanation.
Type  H <return>  for immediate help.
 ...                                              
                                                  
l.6 T
     he finite element approximation allows the use of low order interpolati...

? 
! Emergency stop.
 ...                                              
                                                  
l.6 T
     he finite element approximation allows the use of low order interpolati...

You're in trouble here.  Try typing  <return>  to proceed.
If that doesn't work, type  X <return>  to quit.

 
Here is how much of TeX's memory you used:
 17 strings out of 478238
 523 string characters out of 5850455
 289994 words of memory out of 5000000
 18355 multiletter control sequences out of 15000+600000
 469259 words of font info for 28 fonts, out of 8000000 for 9000
 1141 hyphenation exceptions out of 8191
 13i,0n,12p,186b,24s stack positions out of 5000i,500n,10000p,200000b,80000s
!  ==> Fatal error occurred, no output PDF file produced!
