\BOOKMARK [0][]{chapter*.1}{ Abstract}{}% 1
\BOOKMARK [0][]{chapter*.2}{ Background and Motivation}{}% 2
\BOOKMARK [0][]{chapter.1}{1 Optical Properties of Single Plasmonic Nanoparticles}{}% 3
\BOOKMARK [1][]{section.1.1}{1.1 The Optical Theorem: Amplitude Matrix and Cross Sections}{chapter.1}% 4
\BOOKMARK [1][]{section.1.2}{1.2 Mie Scattering}{chapter.1}% 5
\BOOKMARK [2][]{subsection.1.2.1}{1.2.1 Vector Spherical Harmonics}{section.1.2}% 6
\BOOKMARK [2][]{subsection.1.2.2}{1.2.2 Incident, Scattered and Internal Electric Field}{section.1.2}% 7
\BOOKMARK [2][]{subsection.1.2.3}{1.2.3 Au Spherical NPs }{section.1.2}% 8
\BOOKMARK [0][]{chapter.2}{2 The Finite Element Method}{}% 9
\BOOKMARK [1][]{section.2.1}{2.1 Finite Element Method and Analytical Solutions}{chapter.2}% 10
\BOOKMARK [0][]{chapter.3}{3 Results and Discussion}{}% 11
\BOOKMARK [1][]{section.3.1}{3.1 Incrustation Degree of a Spherical Particle}{chapter.3}% 12
\BOOKMARK [1][]{section.3.2}{3.2 Supported Nanoparticles}{chapter.3}% 13
\BOOKMARK [1][]{section.3.3}{3.3 Incrustaded Nanoparticles}{chapter.3}% 14
\BOOKMARK [1][]{section.3.4}{3.4 Future Work: Application on Metasurfaces}{chapter.3}% 15
\BOOKMARK [0][]{chapter.4}{4 Conclusions}{}% 16
\BOOKMARK [0][]{appendix.A}{A Size Corrected Dielectric Function}{}% 17
\BOOKMARK [0][]{appendix.B}{B Mie Theory \(Conventions and Code\)}{}% 18
\BOOKMARK [0][]{section*.23}{List of Figures}{}% 19
\BOOKMARK [0][]{section*.24}{Index}{}% 20
